ERROR 2002 (HY000): Can't connect to MySQL server on 'mariadb' (115)
ERROR 2002 (HY000): Can't connect to MySQL server on 'mariadb' (115)
--------------
mysql  Ver 15.1 Distrib 10.5.29-MariaDB, for debian-linux-gnu (x86_64) using  EditLine wrapper

Connection id:		3
Current database:	
Current user:		doliuser@172.18.0.3
SSL:			Not in use
Current pager:		stdout
Using outfile:		''
Using delimiter:	;
Server:			MariaDB
Server version:		11.8.2-MariaDB-ubu2404 mariadb.org binary distribution
Protocol version:	10
Connection:		mariadb via TCP/IP
Server characterset:	utf8mb4
Db     characterset:	utf8mb4
Client characterset:	latin1
Conn.  characterset:	latin1
TCP port:		3306
Uptime:			3 sec

Threads: 1  Questions: 4  Slow queries: 0  Opens: 17  Open tables: 10  Queries per second avg: 1.333
--------------

mysql -u doliuser -pxxxxxx -h mariadb -P 3306 -e "SELECT SCHEMA_NAME FROM information_schema.SCHEMATA WHERE SCHEMA_NAME = 'dolibarr';" > /tmp/docker-run-checkdb.result 2>&1
DB Exists is : dolibarr
Install.lock Exists is : yes
